<?xml version="1.0" encoding="UTF-8"?>
<testsuite xmlns:xsi="http://www.w3.org/2001/XMLSchema-instance" xsi:noNamespaceSchemaLocation="https://maven.apache.org/surefire/maven-surefire-plugin/xsd/surefire-test-report.xsd" name="Scenario Outlines feature file" time="0.014" tests="2" errors="0" skipped="0" failures="0">
  <properties>
    <property name="sun.desktop" value="windows"/>
    <property name="awt.toolkit" value="sun.awt.windows.WToolkit"/>
    <property name="file.encoding.pkg" value="sun.io"/>
    <property name="java.specification.version" value="1.8"/>
    <property name="sun.cpu.isalist" value="amd64"/>
    <property name="sun.jnu.encoding" value="Cp1252"/>
    <property name="java.class.path" value="C:\Users\A121541\Documents\workspace\study-proj\parallelcucumber\target\test-classes;C:\Users\A121541\Documents\workspace\study-proj\parallelcucumber\target\classes;C:\Users\A121541\.m2\repository\io\cucumber\cucumber-java\4.2.6\cucumber-java-4.2.6.jar;C:\Users\A121541\.m2\repository\io\cucumber\cucumber-core\4.2.6\cucumber-core-4.2.6.jar;C:\Users\A121541\.m2\repository\io\cucumber\cucumber-html\0.2.7\cucumber-html-0.2.7.jar;C:\Users\A121541\.m2\repository\io\cucumber\gherkin\5.1.0\gherkin-5.1.0.jar;C:\Users\A121541\.m2\repository\io\cucumber\tag-expressions\1.1.1\tag-expressions-1.1.1.jar;C:\Users\A121541\.m2\repository\io\cucumber\cucumber-expressions\6.2.0\cucumber-expressions-6.2.0.jar;C:\Users\A121541\.m2\repository\io\cucumber\datatable\1.1.12\datatable-1.1.12.jar;C:\Users\A121541\.m2\repository\io\cucumber\datatable-dependencies\1.1.12\datatable-dependencies-1.1.12.jar;C:\Users\A121541\.m2\repository\io\cucumber\cucumber-junit\4.2.6\cucumber-junit-4.2.6.jar;C:\Users\A121541\.m2\repository\junit\junit\4.12\junit-4.12.jar;C:\Users\A121541\.m2\repository\org\hamcrest\hamcrest-core\1.3\hamcrest-core-1.3.jar;"/>
    <property name="java.vm.vendor" value="Oracle Corporation"/>
    <property name="sun.arch.data.model" value="64"/>
    <property name="user.variant" value=""/>
    <property name="java.vendor.url" value="http://java.oracle.com/"/>
    <property name="user.timezone" value="Asia/Calcutta"/>
    <property name="java.vm.specification.version" value="1.8"/>
    <property name="os.name" value="Windows 10"/>
    <property name="user.country" value="US"/>
    <property name="sun.java.launcher" value="SUN_STANDARD"/>
    <property name="sun.boot.library.path" value="C:\Users\A121541\Documents\Software\Java\jdk1.8.0_191\jre\bin"/>
    <property name="sun.java.command" value="C:\Users\A121541\AppData\Local\Temp\surefire3152230426199379334\surefirebooter6261300072158909885.jar C:\Users\A121541\AppData\Local\Temp\surefire3152230426199379334 2019-06-26T16-32-15_994-jvmRun1 surefire4685425096048674854tmp surefire_02733415185843854523tmp"/>
    <property name="surefire.test.class.path" value="C:\Users\A121541\Documents\workspace\study-proj\parallelcucumber\target\test-classes;C:\Users\A121541\Documents\workspace\study-proj\parallelcucumber\target\classes;C:\Users\A121541\.m2\repository\io\cucumber\cucumber-java\4.2.6\cucumber-java-4.2.6.jar;C:\Users\A121541\.m2\repository\io\cucumber\cucumber-core\4.2.6\cucumber-core-4.2.6.jar;C:\Users\A121541\.m2\repository\io\cucumber\cucumber-html\0.2.7\cucumber-html-0.2.7.jar;C:\Users\A121541\.m2\repository\io\cucumber\gherkin\5.1.0\gherkin-5.1.0.jar;C:\Users\A121541\.m2\repository\io\cucumber\tag-expressions\1.1.1\tag-expressions-1.1.1.jar;C:\Users\A121541\.m2\repository\io\cucumber\cucumber-expressions\6.2.0\cucumber-expressions-6.2.0.jar;C:\Users\A121541\.m2\repository\io\cucumber\datatable\1.1.12\datatable-1.1.12.jar;C:\Users\A121541\.m2\repository\io\cucumber\datatable-dependencies\1.1.12\datatable-dependencies-1.1.12.jar;C:\Users\A121541\.m2\repository\io\cucumber\cucumber-junit\4.2.6\cucumber-junit-4.2.6.jar;C:\Users\A121541\.m2\repository\junit\junit\4.12\junit-4.12.jar;C:\Users\A121541\.m2\repository\org\hamcrest\hamcrest-core\1.3\hamcrest-core-1.3.jar;"/>
    <property name="sun.cpu.endian" value="little"/>
    <property name="user.home" value="C:\Users\A121541"/>
    <property name="user.language" value="en"/>
    <property name="java.specification.vendor" value="Oracle Corporation"/>
    <property name="java.home" value="C:\Users\A121541\Documents\Software\Java\jdk1.8.0_191\jre"/>
    <property name="basedir" value="C:\Users\A121541\Documents\workspace\study-proj\parallelcucumber"/>
    <property name="file.separator" value="\"/>
    <property name="line.separator" value="&#10;"/>
    <property name="java.vm.specification.vendor" value="Oracle Corporation"/>
    <property name="java.specification.name" value="Java Platform API Specification"/>
    <property name="java.awt.graphicsenv" value="sun.awt.Win32GraphicsEnvironment"/>
    <property name="surefire.real.class.path" value="C:\Users\A121541\AppData\Local\Temp\surefire3152230426199379334\surefirebooter6261300072158909885.jar"/>
    <property name="sun.boot.class.path" value="C:\Users\A121541\Documents\Software\Java\jdk1.8.0_191\jre\lib\resources.jar;C:\Users\A121541\Documents\Software\Java\jdk1.8.0_191\jre\lib\rt.jar;C:\Users\A121541\Documents\Software\Java\jdk1.8.0_191\jre\lib\sunrsasign.jar;C:\Users\A121541\Documents\Software\Java\jdk1.8.0_191\jre\lib\jsse.jar;C:\Users\A121541\Documents\Software\Java\jdk1.8.0_191\jre\lib\jce.jar;C:\Users\A121541\Documents\Software\Java\jdk1.8.0_191\jre\lib\charsets.jar;C:\Users\A121541\Documents\Software\Java\jdk1.8.0_191\jre\lib\jfr.jar;C:\Users\A121541\Documents\Software\Java\jdk1.8.0_191\jre\classes"/>
    <property name="user.script" value=""/>
    <property name="sun.management.compiler" value="HotSpot 64-Bit Tiered Compilers"/>
    <property name="java.runtime.version" value="1.8.0_191-b12"/>
    <property name="user.name" value="a121541"/>
    <property name="path.separator" value=";"/>
    <property name="os.version" value="10.0"/>
    <property name="java.endorsed.dirs" value="C:\Users\A121541\Documents\Software\Java\jdk1.8.0_191\jre\lib\endorsed"/>
    <property name="java.runtime.name" value="Java(TM) SE Runtime Environment"/>
    <property name="file.encoding" value="Cp1252"/>
    <property name="java.vm.name" value="Java HotSpot(TM) 64-Bit Server VM"/>
    <property name="localRepository" value="C:\Users\A121541\.m2\repository"/>
    <property name="java.vendor.url.bug" value="http://bugreport.sun.com/bugreport/"/>
    <property name="java.io.tmpdir" value="C:\Users\A121541\AppData\Local\Temp\"/>
    <property name="java.version" value="1.8.0_191"/>
    <property name="user.dir" value="C:\Users\A121541\Documents\workspace\study-proj\parallelcucumber"/>
    <property name="os.arch" value="amd64"/>
    <property name="java.vm.specification.name" value="Java Virtual Machine Specification"/>
    <property name="java.awt.printerjob" value="sun.awt.windows.WPrinterJob"/>
    <property name="sun.os.patch.level" value=""/>
    <property name="java.library.path" value="C:\Users\A121541\Documents\Software\Java\jdk1.8.0_191\jre\bin;C:\Windows\Sun\Java\bin;C:\Windows\system32;C:\Windows;C:\Perl64\site\bin;C:\Perl64\bin;C:\Program Files (x86)\Common Files\Oracle\Java\javapath;C:\Windows\system32;C:\Windows;C:\Windows\System32\Wbem;C:\Windows\System32\WindowsPowerShell\v1.0\;C:\Program Files (x86)\Symantec\VIP Access Client\;C:\Program Files (x86)\CheckPoint\Endpoint Security\Endpoint Common\bin;C:\Program Files\Intel\WiFi\bin\;C:\Program Files\Common Files\Intel\WirelessCommon\;C:\Users\A121541\Documents\Software\gradle-5.4.1\bin;C:\Users\A121541\Documents\Software\Java\jdk1.8.0_191\bin;C:\Program Files\TortoiseGit\bin;C:\Program Files\nodejs\;C:\Users\A121541\Documents\Software\apache-ant-1.10.5\bin;C:\Users\A121541\Documents\Software\apache-maven-3.6.1\bin;C:\Users\A121541\AppData\Local\Microsoft\WindowsApps;C:\Users\A121541\AppData\Local\atom\bin;C:\Users\A121541\AppData\Local\Programs\Git\cmd;C:\Users\A121541\AppData\Roaming\npm;C:\Users\A121541\AppData\Local\Box\Box Edit\;."/>
    <property name="java.vm.info" value="mixed mode"/>
    <property name="java.vendor" value="Oracle Corporation"/>
    <property name="java.vm.version" value="25.191-b12"/>
    <property name="java.ext.dirs" value="C:\Users\A121541\Documents\Software\Java\jdk1.8.0_191\jre\lib\ext;C:\Windows\Sun\Java\lib\ext"/>
    <property name="sun.io.unicode.encoding" value="UnicodeLittle"/>
    <property name="java.class.version" value="52.0"/>
  </properties>
  <testcase name="Scenario Outline Row 1" classname="Scenario Outlines feature file" time="0.01"/>
  <testcase name="Scenario Outline Row 2" classname="Scenario Outlines feature file" time="0.001"/>
</testsuite>